#
# There is insufficient memory for the Java Runtime Environment to continue.
# Native memory allocation (mmap) failed to map 402653184 bytes. Error detail: G1 virtual space
# Possible reasons:
#   The system is out of physical RAM or swap space
#   This process is running with CompressedOops enabled, and the Java Heap may be blocking the growth of the native heap
# Possible solutions:
#   Reduce memory load on the system
#   Increase physical memory or swap space
#   Check if swap backing store is full
#   Decrease Java heap size (-Xmx/-Xms)
#   Decrease number of Java threads
#   Decrease Java thread stack sizes (-Xss)
#   Set larger code cache with -XX:ReservedCodeCacheSize=
#   JVM is running with Zero Based Compressed Oops mode in which the Java heap is
#     placed in the first 32GB address space. The Java Heap base address is the
#     maximum limit for the native heap growth. Please use -XX:HeapBaseMinAddress
#     to set the Java Heap base and to place the Java Heap above 32GB virtual address.
# This output file may be truncated or incomplete.
#
#  Out of Memory Error (os_windows.cpp:3710), pid=26324, tid=12832
#
# JRE version:  (17.0.16+8) (build )
# Java VM: OpenJDK 64-Bit Server VM (17.0.16+8-LTS, mixed mode, emulated-client, sharing, tiered, compressed oops, compressed class ptrs, g1 gc, windows-amd64)
# No core dump will be written. Minidumps are not enabled by default on client versions of Windows
#

---------------  S U M M A R Y ------------

Command Line: -XX:TieredStopAtLevel=1 -Dspring.output.ansi.enabled=always -Dcom.sun.management.jmxremote -Dspring.jmx.enabled=true -Dspring.liveBeansView.mbeanDomain -Dspring.application.admin.enabled=true -Dmanagement.endpoints.jmx.exposure.include=* -javaagent:C:\Program Files\JetBrains\IntelliJ IDEA 2024.2.1\lib\idea_rt.jar=52194:C:\Program Files\JetBrains\IntelliJ IDEA 2024.2.1\bin -Dfile.encoding=UTF-8 tn.esprit.smartfood.OrderManagementApplication

Host: Intel(R) Core(TM) i7-10750H CPU @ 2.60GHz, 12 cores, 23G,  Windows 10 , 64 bit Build 19041 (10.0.19041.5915)
Time: Thu Mar  5 20:19:39 2026 W. Central Africa Standard Time elapsed time: 0.013411 seconds (0d 0h 0m 0s)

---------------  T H R E A D  ---------------

Current thread (0x000002129c0cbe30):  JavaThread "Unknown thread" [_thread_in_vm, id=12832, stack(0x000000cd3f300000,0x000000cd3f400000)]

Stack: [0x000000cd3f300000,0x000000cd3f400000]
Native frames: (J=compiled Java code, j=interpreted, Vv=VM code, C=native code)
V  [jvm.dll+0x68ee19]
V  [jvm.dll+0x846249]
V  [jvm.dll+0x847fb8]
V  [jvm.dll+0x848643]
V  [jvm.dll+0x24cf6f]
V  [jvm.dll+0x68bde9]
V  [jvm.dll+0x6803aa]
V  [jvm.dll+0x30ffc0]
V  [jvm.dll+0x30fe62]
V  [jvm.dll+0x3173b9]
V  [jvm.dll+0x3695e9]
V  [jvm.dll+0x36981d]
V  [jvm.dll+0x2e683a]
V  [jvm.dll+0x2e7748]
V  [jvm.dll+0x8186fe]
V  [jvm.dll+0x377251]
V  [jvm.dll+0x7f6d45]
V  [jvm.dll+0x3fd00b]
V  [jvm.dll+0x3fec41]
C  [jli.dll+0x52f0]
C  [ucrtbase.dll+0x21bb2]
C  [KERNEL32.DLL+0x17374]
C  [ntdll.dll+0x4cc91]


---------------  P R O C E S S  ---------------

Threads class SMR info:
_java_thread_list=0x00007ffad7697018, length=0, elements={
}

Java Threads: ( => current thread )

Other Threads:
  0x000002129c154f90 GCTaskThread "GC Thread#0" [stack: 0x000000cd3f400000,0x000000cd3f500000] [id=20628]
  0x000002129c161d70 ConcurrentGCThread "G1 Main Marker" [stack: 0x000000cd3f500000,0x000000cd3f600000] [id=10788]
  0x000002129c162790 ConcurrentGCThread "G1 Conc#0" [stack: 0x000000cd3f600000,0x000000cd3f700000] [id=25064]

[error occurred during error reporting (printing all threads), id 0xc0000005, EXCEPTION_ACCESS_VIOLATION (0xc0000005) at pc=0x00007ffad6e47307]

VM state: not at safepoint (not fully initialized)

VM Mutex/Monitor currently owned by a thread:  ([mutex/lock_event])
[0x000002129c0c7cc0] Heap_lock - owner thread: 0x000002129c0cbe30

Heap address: 0x0000000682c00000, size: 6100 MB, Compressed Oops mode: Zero based, Oop shift amount: 3

CDS archive(s) mapped at: [0x0000000000000000-0x0000000000000000-0x0000000000000000), size 0, SharedBaseAddress: 0x0000000800000000, ArchiveRelocationMode: 1.
Narrow klass base: 0x0000000000000000, Narrow klass shift: 0, Narrow klass range: 0x0

GC Precious Log:
<Empty>

Heap:
 garbage-first heap   total 0K, used 0K [0x0000000682c00000, 0x0000000800000000)
  region size 4096K, 0 young (0K), 0 survivors (0K)

[error occurred during error reporting (printing heap information), id 0xc0000005, EXCEPTION_ACCESS_VIOLATION (0xc0000005) at pc=0x00007ffad7238979]

GC Heap History (0 events):
No events

Dll operation events (1 events):
Event: 0.008 Loaded shared library C:\Program Files\Java\jdk-17.0.16+8\bin\java.dll

Deoptimization events (0 events):
No events

Classes loaded (0 events):
No events

Classes unloaded (0 events):
No events

Classes redefined (0 events):
No events

Internal exceptions (0 events):
No events

VM Operations (0 events):
No events

Memory protections (0 events):
No events

Nmethod flushes (0 events):
No events

Events (0 events):
No events


Dynamic libraries:
0x00007ff62d940000 - 0x00007ff62d94e000 	C:\Program Files\Java\jdk-17.0.16+8\bin\java.exe
0x00007ffb76850000 - 0x00007ffb76a48000 	C:\Windows\SYSTEM32\ntdll.dll
0x00007ffb75c00000 - 0x00007ffb75cc2000 	C:\Windows\System32\KERNEL32.DLL
0x00007ffb73f70000 - 0x00007ffb74266000 	C:\Windows\System32\KERNELBASE.dll
0x00007ffb74770000 - 0x00007ffb74870000 	C:\Windows\System32\ucrtbase.dll
0x00007ffb364f0000 - 0x00007ffb36508000 	C:\Program Files\Java\jdk-17.0.16+8\bin\jli.dll
0x00007ffb35bf0000 - 0x00007ffb35c0e000 	C:\Program Files\Java\jdk-17.0.16+8\bin\VCRUNTIME140.dll
0x00007ffb75680000 - 0x00007ffb75821000 	C:\Windows\System32\USER32.dll
0x00007ffb74620000 - 0x00007ffb74642000 	C:\Windows\System32\win32u.dll
0x00007ffb60630000 - 0x00007ffb608cb000 	C:\Windows\WinSxS\amd64_microsoft.windows.common-controls_6595b64144ccf1df_6.0.19041.6456_none_60b8a6cb71f64256\COMCTL32.dll
0x00007ffb765a0000 - 0x00007ffb765cb000 	C:\Windows\System32\GDI32.dll
0x00007ffb766a0000 - 0x00007ffb7673e000 	C:\Windows\System32\msvcrt.dll
0x00007ffb74270000 - 0x00007ffb74389000 	C:\Windows\System32\gdi32full.dll
0x00007ffb74650000 - 0x00007ffb746ed000 	C:\Windows\System32\msvcp_win.dll
0x00007ffb75830000 - 0x00007ffb7585f000 	C:\Windows\System32\IMM32.DLL
0x00007ffb37d30000 - 0x00007ffb37d3c000 	C:\Program Files\Java\jdk-17.0.16+8\bin\vcruntime140_1.dll
0x00007ffb08cf0000 - 0x00007ffb08d79000 	C:\Program Files\Java\jdk-17.0.16+8\bin\msvcp140.dll
0x00007ffad6b50000 - 0x00007ffad77ca000 	C:\Program Files\Java\jdk-17.0.16+8\bin\server\jvm.dll
0x00007ffb74b70000 - 0x00007ffb74c21000 	C:\Windows\System32\ADVAPI32.dll
0x00007ffb755e0000 - 0x00007ffb7567f000 	C:\Windows\System32\sechost.dll
0x00007ffb74c30000 - 0x00007ffb74d50000 	C:\Windows\System32\RPCRT4.dll
0x00007ffb744f0000 - 0x00007ffb74517000 	C:\Windows\System32\bcrypt.dll
0x00007ffb76630000 - 0x00007ffb7669b000 	C:\Windows\System32\WS2_32.dll
0x00007ffb73430000 - 0x00007ffb7347b000 	C:\Windows\SYSTEM32\POWRPROF.dll
0x00007ffb670a0000 - 0x00007ffb670c7000 	C:\Windows\SYSTEM32\WINMM.dll
0x00007ffb6f9d0000 - 0x00007ffb6f9da000 	C:\Windows\SYSTEM32\VERSION.dll
0x00007ffb732a0000 - 0x00007ffb732b2000 	C:\Windows\SYSTEM32\UMPDC.dll
0x00007ffb71d10000 - 0x00007ffb71d22000 	C:\Windows\SYSTEM32\kernel.appcore.dll
0x00007ffb378e0000 - 0x00007ffb378ea000 	C:\Program Files\Java\jdk-17.0.16+8\bin\jimage.dll
0x00007ffb66710000 - 0x00007ffb66911000 	C:\Windows\SYSTEM32\DBGHELP.DLL
0x00007ffb59080000 - 0x00007ffb590b4000 	C:\Windows\SYSTEM32\dbgcore.DLL
0x00007ffb73ee0000 - 0x00007ffb73f62000 	C:\Windows\System32\bcryptPrimitives.dll
0x00007ffb17ec0000 - 0x00007ffb17ecf000 	C:\Program Files\Java\jdk-17.0.16+8\bin\instrument.dll
0x00007ffb18c20000 - 0x00007ffb18c46000 	C:\Program Files\Java\jdk-17.0.16+8\bin\java.dll

dbghelp: loaded successfully - version: 4.0.5 - missing functions: none
symbol engine: initialized successfully - sym options: 0x614 - pdb path: .;C:\Program Files\Java\jdk-17.0.16+8\bin;C:\Windows\SYSTEM32;C:\Windows\WinSxS\amd64_microsoft.windows.common-controls_6595b64144ccf1df_6.0.19041.6456_none_60b8a6cb71f64256;C:\Program Files\Java\jdk-17.0.16+8\bin\server

VM Arguments:
jvm_args: -XX:TieredStopAtLevel=1 -Dspring.output.ansi.enabled=always -Dcom.sun.management.jmxremote -Dspring.jmx.enabled=true -Dspring.liveBeansView.mbeanDomain -Dspring.application.admin.enabled=true -Dmanagement.endpoints.jmx.exposure.include=* -javaagent:C:\Program Files\JetBrains\IntelliJ IDEA 2024.2.1\lib\idea_rt.jar=52194:C:\Program Files\JetBrains\IntelliJ IDEA 2024.2.1\bin -Dfile.encoding=UTF-8 
java_command: tn.esprit.smartfood.OrderManagementApplication
java_class_path (initial): C:\Users\MSI\Desktop\SmartFoodmain\OrderManagement\target\classes;C:\Users\MSI\.m2\repository\org\springframework\boot\spring-boot-h2console\4.0.2\spring-boot-h2console-4.0.2.jar;C:\Users\MSI\.m2\repository\org\springframework\boot\spring-boot\4.0.2\spring-boot-4.0.2.jar;C:\Users\MSI\.m2\repository\org\springframework\spring-core\7.0.3\spring-core-7.0.3.jar;C:\Users\MSI\.m2\repository\commons-logging\commons-logging\1.3.5\commons-logging-1.3.5.jar;C:\Users\MSI\.m2\repository\org\springframework\spring-context\7.0.3\spring-context-7.0.3.jar;C:\Users\MSI\.m2\repository\org\springframework\spring-aop\7.0.3\spring-aop-7.0.3.jar;C:\Users\MSI\.m2\repository\org\springframework\spring-expression\7.0.3\spring-expression-7.0.3.jar;C:\Users\MSI\.m2\repository\jakarta\servlet\jakarta.servlet-api\6.1.0\jakarta.servlet-api-6.1.0.jar;C:\Users\MSI\.m2\repository\org\springframework\boot\spring-boot-starter-actuator\4.0.2\spring-boot-starter-actuator-4.0.2.jar;C:\Users\MSI\.m2\repository\org\springframework\boot\spring-boot-starter\4.0.2\spring-boot-starter-4.0.2.jar;C:\Users\MSI\.m2\repository\org\springframework\boot\spring-boot-starter-logging\4.0.2\spring-boot-starter-logging-4.0.2.jar;C:\Users\MSI\.m2\repository\ch\qos\logback\logback-classic\1.5.25\logback-classic-1.5.25.jar;C:\Users\MSI\.m2\repository\ch\qos\logback\logback-core\1.5.25\logback-core-1.5.25.jar;C:\Users\MSI\.m2\repository\org\apache\logging\log4j\log4j-to-slf4j\2.25.3\log4j-to-slf4j-2.25.3.jar;C:\Users\MSI\.m2\repository\org\apache\logging\log4j\log4j-api\2.25.3\log4j-api-2.25.3.jar;C:\Users\MSI\.m2\repository\org\slf4j\jul-to-slf4j\2.0.17\jul-to-slf4j-2.0.17.jar;C:\Users\MSI\.m2\repository\org\springframework\boot\spring-boot-autoconfigure\4.0.2\spring-boot-autoconfigure-4.0.2.jar;C:\Users\MSI\.m2\repository\jakarta\annotation\jakarta.annotation-api\3.0.0\jakarta.annotation-api-3.0.0.jar;C:\Users\MSI\.m2\repository\org\yaml\snakeyaml\2.5\snakeyaml-2.5.jar;C:\Users\MSI\.m2\reposito
Launcher Type: SUN_STANDARD

[Global flags]
     intx CICompilerCount                          = 4                                         {product} {ergonomic}
     uint ConcGCThreads                            = 3                                         {product} {ergonomic}
     uint G1ConcRefinementThreads                  = 10                                        {product} {ergonomic}
   size_t G1HeapRegionSize                         = 4194304                                   {product} {ergonomic}
    uintx GCDrainStackTargetSize                   = 64                                        {product} {ergonomic}
   size_t InitialHeapSize                          = 402653184                                 {product} {ergonomic}
     bool ManagementServer                         = true                                      {product} {command line}
   size_t MarkStackSize                            = 4194304                                   {product} {ergonomic}
   size_t MaxHeapSize                              = 6396313600                                {product} {ergonomic}
   size_t MinHeapDeltaBytes                        = 4194304                                   {product} {ergonomic}
   size_t MinHeapSize                              = 8388608                                   {product} {ergonomic}
    uintx NonProfiledCodeHeapSize                  = 0                                      {pd product} {ergonomic}
     bool ProfileInterpreter                       = false                                  {pd product} {command line}
    uintx ProfiledCodeHeapSize                     = 0                                      {pd product} {ergonomic}
   size_t SoftMaxHeapSize                          = 6396313600                             {manageable} {ergonomic}
     intx TieredStopAtLevel                        = 1                                         {product} {command line}
     bool UseCompressedClassPointers               = true                           {product lp64_product} {ergonomic}
     bool UseCompressedOops                        = true                           {product lp64_product} {ergonomic}
     bool UseG1GC                                  = true                                      {product} {ergonomic}
     bool UseLargePagesIndividualAllocation        = false                                  {pd product} {ergonomic}

Logging:
Log output configuration:
 #0: stdout all=warning uptime,level,tags
 #1: stderr all=off uptime,level,tags

Environment Variables:
JAVA_HOME= C:\Program Files\Java\jdk-17.0.16+8
PATH=C:\Python313\Scripts\;C:\Python313\; C:\Program Files\Java\jdk-17.0.16+8\bin;C:\Program Files\Common Files\Oracle\Java\javapath;C:\Program Files (x86)\VMware\VMware Workstation\bin\;C:\oraclexe\app\oracle\product\11.2.0\server\bin;C:\Program Files (x86)\Common Files\Oracle\Java\javapath;C:\Program Files (x86)\Common Files\Intel\Shared Libraries\redist\intel64\compiler;C:\ProgramData\Oracle\Java\javapath;C:\Windows\system32;C:\Windows;C:\Windows\System32\Wbem;C:\Windows\System32\WindowsPowerShell\v1.0\;C:\Windows\System32\OpenSSH\;C:\instantclient12_2;C:\oraclexe\app\oracle\admin\XE;C:\oraclexe;C:\oraclexe\app\oracle\product\11.2.0\server\bin;C:\Program Files (x86)\NVIDIA Corporation\PhysX\Common;C:\Program Files\Git\cmd;C:\Program Files (x86)\HI-TECH Software\PICC\LITE\9.60\bin;C:\xampp\php;C:\composer;C:\Users\MSI\.jdks\jbr-17.0.12\bin;;C:\Program Files\NVIDIA Corporation\NVIDIA app\NvDLISR;C:\Program Files\dotnet\;C:\Users\MSI\scoop\shims;C:\Users\MSI\AppData\Local\Microsoft\WindowsApps;C:\Users\MSI\AppData\Local\Programs\Microsoft VS Code\bin;C:\MinGW\bin;C:\Users\M;C:\Program Files\Docker\Docker\resources\bin;C:\ProgramData\chocolatey\bin;C:\Program Files\nodejs\;C:\Users\MSI\scoop\shims;C:\Users\MSI\AppData\Local\Microsoft\WindowsApps;C:\Users\MSI\AppData\Local\Programs\Microsoft VS Code\bin;C:\MinGW\bin;C:\Users\MSI\AppData\Roaming\Composer\vendor\bin;C:\Users\MSI\AppData\Local\Programs\cursor\resources\app\bin;C:\Users\MSI\AppData\Roaming\npm
USERNAME=MSI
OS=Windows_NT
PROCESSOR_IDENTIFIER=Intel64 Family 6 Model 165 Stepping 2, GenuineIntel
TMP=C:\Users\MSI\AppData\Local\Temp
TEMP=C:\Users\MSI\AppData\Local\Temp



Periodic native trim disabled


---------------  S Y S T E M  ---------------

OS:
 Windows 10 , 64 bit Build 19041 (10.0.19041.5915)
OS uptime: 0 days 10:02 hours
Hyper-V role detected

CPU: total 12 (initial active 12) (6 cores per cpu, 2 threads per core) family 6 model 165 stepping 2 microcode 0xe2, cx8, cmov, fxsr, ht, mmx, 3dnowpref, sse, sse2, sse3, ssse3, sse4.1, sse4.2, popcnt, lzcnt, tsc, tscinvbit, avx, avx2, aes, erms, clmul, bmi1, bmi2, adx, fma, vzeroupper, clflush, clflushopt, hv
Processor Information for the first 12 processors :
  Max Mhz: 2592, Current Mhz: 2592, Mhz Limit: 2592

Memory: 4k page, system-wide physical 24397M (3051M free)
TotalPageFile size 32341M (AvailPageFile size 326M)
current process WorkingSet (physical memory assigned to process): 10M, peak: 10M
current process commit charge ("private bytes"): 59M, peak: 443M

vm_info: OpenJDK 64-Bit Server VM (17.0.16+8-LTS) for windows-amd64 JRE (17.0.16+8-LTS), built on Jul 10 2025 00:24:24 by "MicrosoftCorporation" with unknown MS VC++:1944

END.
